[debug] > Exec(early(addDefaultCommands), None, None)
[debug] > Exec(addDefaultCommands, None, None)
[debug] > Exec(early(initialize), None, None)
[debug] > Exec(initialize, None, None)
[debug] > Exec(boot, None, None)
[debug] > Exec(writeSbtVersion, None, None)
[debug] > Exec(reload, None, None)
[debug] > Exec(sbtStashOnFailure, None, None)
[debug] > Exec(onFailure loadFailed, None, None)
[debug] > Exec(loadp, None, None)
[info] welcome to sbt 1.5.5 (Oracle Corporation Java 17)
[debug] Load.defaultLoad until apply took 296.2353ms
[debug]           Load.loadUnit: plugins took 62.146ms
[debug]           Load.loadUnit: defsScala took 0.2516ms
[debug] [Loading] Scanning directory E:\DEV\__REPOSITORY__\baroque_chess\project
[debug] [Loading] Found non-root projects 
[debug] [Loading] Done in E:\DEV\__REPOSITORY__\baroque_chess\project, returning: ()
[debug] deducing auto plugins based on known facts Set(Atom(sbt.plugins.CorePlugin)) and clauses Clauses(Clause(Atom(sbt.plugins.JvmPlugin),Set(Atom(sbt.plugins.IvyPlugin)))
[debug] Clause(Atom(sbt.ScriptedPlugin),Set(Atom(sbt.plugins.JvmPlugin)))
[debug] Clause(Atom(sbt.plugins.SbtPlugin),Set(Atom(sbt.ScriptedPlugin)))
[debug] Clause(Atom(sbt.plugins.SemanticdbPlugin),Set(Atom(sbt.plugins.JvmPlugin)))
[debug] Clause(Atom(sbt.plugins.JUnitXmlReportPlugin),Set(Atom(sbt.plugins.JvmPlugin)))
[debug] Clause(Atom(sbt.plugins.MiniDependencyTreePlugin),Set(Atom(sbt.plugins.JvmPlugin)))
[debug] Clause(Atom(sbt.plugins.CorePlugin),Set(Atom(sbt.plugins.IvyPlugin)))
[debug] Clause(Atom(sbt.plugins.IvyPlugin),Set(Atom(sbt.plugins.JvmPlugin)))
[debug] Clause(Atom(sbt.plugins.JvmPlugin),Set(Atom(sbt.plugins.SemanticdbPlugin)))
[debug] Clause(Atom(sbt.plugins.JvmPlugin),Set(Atom(sbt.plugins.JUnitXmlReportPlugin)))
[debug] Clause(Atom(sbt.plugins.CorePlugin),Set(Atom(sbt.plugins.Giter8TemplatePlugin)))
[debug] Clause(Atom(sbt.plugins.JvmPlugin),Set(Atom(sbt.plugins.MiniDependencyTreePlugin))))
[debug]   :: deduced result: Matched(sbt.plugins.CorePlugin,sbt.plugins.Giter8TemplatePlugin,sbt.plugins.IvyPlugin,sbt.plugins.JvmPlugin,sbt.plugins.MiniDependencyTreePlugin,sbt.plugins.JUnitXmlReportPlugin,sbt.plugins.SemanticdbPlugin)
[debug] Plugins.deducer#function took 10.6782 ms
[debug]               Load.resolveProject(baroque_chess-build) took 26.494ms
[debug]             Load.loadTransitive: finalizeProject(Project(id baroque_chess-build, base: E:\DEV\__REPOSITORY__\baroque_chess\project, plugins: List(<none>))) took 50.2826ms
[debug] [Loading] Done in E:\DEV\__REPOSITORY__\baroque_chess\project, returning: (baroque_chess-build)
[debug]           Load.loadUnit: loadedProjectsRaw took 62.1413ms
[debug]           Load.loadUnit: cleanEvalClasses took 0.1321ms
[debug]         Load.loadUnit(file:/E:/DEV/__REPOSITORY__/baroque_chess/project/, ...) took 128.1763ms
[debug]       Load.apply: load took 234.262ms
[debug]       Load.apply: resolveProjects took 5.0609ms
[debug]       Load.apply: finalTransforms took 49.6896ms
[debug]       Load.apply: config.delegates took 12.3642ms
[debug]       Load.apply: Def.make(settings)... took 585.3205ms
[debug]       Load.apply: structureIndex took 142.2254ms
[debug]       Load.apply: mkStreams took 5.0238ms
[info] loading project definition from E:\DEV\__REPOSITORY__\baroque_chess\project
[debug] Running task... Cancel: Signal, check cycles: false, forcegc: true
[debug]     Load.loadUnit: plugins took 2025.6071ms
[debug]     Load.loadUnit: defsScala took 0.0044ms
[debug] [Loading] Scanning directory E:\DEV\__REPOSITORY__\baroque_chess
[debug]       Load.loadUnit: mkEval took 3.519ms
[debug] [Loading] Found non-root projects 
[debug] [Loading] Done in E:\DEV\__REPOSITORY__\baroque_chess, returning: ()
[debug] deducing auto plugins based on known facts Set(Atom(sbt.plugins.CorePlugin)) and clauses Clauses(Clause(Atom(sbt.plugins.JvmPlugin),Set(Atom(sbt.plugins.IvyPlugin)))
[debug] Clause(Atom(sbt.ScriptedPlugin),Set(Atom(sbt.plugins.JvmPlugin)))
[debug] Clause(Atom(sbt.plugins.SbtPlugin),Set(Atom(sbt.ScriptedPlugin)))
[debug] Clause(Atom(sbt.plugins.SemanticdbPlugin),Set(Atom(sbt.plugins.JvmPlugin)))
[debug] Clause(Atom(sbt.plugins.JUnitXmlReportPlugin),Set(Atom(sbt.plugins.JvmPlugin)))
[debug] Clause(Atom(sbt.plugins.MiniDependencyTreePlugin),Set(Atom(sbt.plugins.JvmPlugin)))
[debug] Clause(Atom(sbt.plugins.CorePlugin),Set(Atom(sbt.plugins.IvyPlugin)))
[debug] Clause(Atom(sbt.plugins.IvyPlugin),Set(Atom(sbt.plugins.JvmPlugin)))
[debug] Clause(Atom(sbt.plugins.JvmPlugin),Set(Atom(sbt.plugins.SemanticdbPlugin)))
[debug] Clause(Atom(sbt.plugins.JvmPlugin),Set(Atom(sbt.plugins.JUnitXmlReportPlugin)))
[debug] Clause(Atom(sbt.plugins.CorePlugin),Set(Atom(sbt.plugins.Giter8TemplatePlugin)))
[debug] Clause(Atom(sbt.plugins.JvmPlugin),Set(Atom(sbt.plugins.MiniDependencyTreePlugin))))
[debug]   :: deduced result: Matched(sbt.plugins.CorePlugin,sbt.plugins.Giter8TemplatePlugin,sbt.plugins.IvyPlugin,sbt.plugins.JvmPlugin,sbt.plugins.MiniDependencyTreePlugin,sbt.plugins.JUnitXmlReportPlugin,sbt.plugins.SemanticdbPlugin)
[debug] Plugins.deducer#function took 1.3465 ms
[info] loading settings for project baroque_chess from build.sbt ...
[debug]         Load.resolveProject(baroque_chess) took 2.5874ms
[debug]       Load.loadTransitive: finalizeProject(Project(id baroque_chess, base: E:\DEV\__REPOSITORY__\baroque_chess, plugins: List(<none>))) took 4.3395ms
[debug] [Loading] Done in E:\DEV\__REPOSITORY__\baroque_chess, returning: (baroque_chess)
[debug]     Load.loadUnit: loadedProjectsRaw took 115.7596ms
[debug]     Load.loadUnit: cleanEvalClasses took 6.5453ms
[debug]   Load.loadUnit(file:/E:/DEV/__REPOSITORY__/baroque_chess/, ...) took 2149.013ms
[debug] Load.apply: load took 2159.9078ms
[debug] Load.apply: resolveProjects took 0.0812ms
[debug] Load.apply: finalTransforms took 6.8532ms
[debug] Load.apply: config.delegates took 0.3175ms
[debug] Load.apply: Def.make(settings)... took 70.0835ms
[debug] Load.apply: structureIndex took 27.6032ms
[debug] Load.apply: mkStreams took 0.0032ms
[info] set current project to baroque_chess (in build file:/E:/DEV/__REPOSITORY__/baroque_chess/)
[debug] > Exec(sbtPopOnFailure, None, None)
[debug] > Exec(resumeFromFailure, None, None)
[debug] > Exec(notifyUsersAboutShell, None, None)
[debug] > Exec(iflast shell, None, None)
[debug] > Exec(shell, None, None)
[info] sbt server started at local:sbt-server-6d4f8d95b93d765c7dd0
[debug] Writing bsp connection file
[info] started sbt server
