[debug] > Exec(early(addDefaultCommands), None, None)
[debug] > Exec(addDefaultCommands, None, None)
[debug] > Exec(early(initialize), None, None)
[debug] > Exec(initialize, None, None)
[debug] > Exec(boot, None, None)
[debug] > Exec(writeSbtVersion, None, None)
[debug] > Exec(reload, None, None)
[debug] > Exec(sbtStashOnFailure, None, None)
[debug] > Exec(onFailure loadFailed, None, None)
[debug] > Exec(loadp, None, None)
[info] welcome to sbt 1.5.5 (Oracle Corporation Java 17)
[debug] Load.defaultLoad until apply took 367.8862ms
[debug]           Load.loadUnit: plugins took 62.651699ms
[debug]           Load.loadUnit: defsScala took 0.2153ms
[debug] [Loading] Scanning directory E:\DEV\__REPOSITORY__\baroque_chess\project
[debug] [Loading] Found non-root projects 
[debug] [Loading] Done in E:\DEV\__REPOSITORY__\baroque_chess\project, returning: ()
[debug] deducing auto plugins based on known facts Set(Atom(sbt.plugins.CorePlugin)) and clauses Clauses(Clause(Atom(sbt.plugins.JvmPlugin),Set(Atom(sbt.plugins.IvyPlugin)))
[debug] Clause(Atom(sbt.ScriptedPlugin),Set(Atom(sbt.plugins.JvmPlugin)))
[debug] Clause(Atom(sbt.plugins.SbtPlugin),Set(Atom(sbt.ScriptedPlugin)))
[debug] Clause(Atom(sbt.plugins.SemanticdbPlugin),Set(Atom(sbt.plugins.JvmPlugin)))
[debug] Clause(Atom(sbt.plugins.JUnitXmlReportPlugin),Set(Atom(sbt.plugins.JvmPlugin)))
[debug] Clause(Atom(sbt.plugins.MiniDependencyTreePlugin),Set(Atom(sbt.plugins.JvmPlugin)))
[debug] Clause(Atom(sbt.plugins.CorePlugin),Set(Atom(sbt.plugins.IvyPlugin)))
[debug] Clause(Atom(sbt.plugins.IvyPlugin),Set(Atom(sbt.plugins.JvmPlugin)))
[debug] Clause(Atom(sbt.plugins.JvmPlugin),Set(Atom(sbt.plugins.SemanticdbPlugin)))
[debug] Clause(Atom(sbt.plugins.JvmPlugin),Set(Atom(sbt.plugins.JUnitXmlReportPlugin)))
[debug] Clause(Atom(sbt.plugins.CorePlugin),Set(Atom(sbt.plugins.Giter8TemplatePlugin)))
[debug] Clause(Atom(sbt.plugins.JvmPlugin),Set(Atom(sbt.plugins.MiniDependencyTreePlugin))))
[debug]   :: deduced result: Matched(sbt.plugins.CorePlugin,sbt.plugins.Giter8TemplatePlugin,sbt.plugins.IvyPlugin,sbt.plugins.JvmPlugin,sbt.plugins.MiniDependencyTreePlugin,sbt.plugins.JUnitXmlReportPlugin,sbt.plugins.SemanticdbPlugin)
[debug] Plugins.deducer#function took 11.6028 ms
[debug]               Load.resolveProject(baroque_chess-build) took 27.854601ms
[debug]             Load.loadTransitive: finalizeProject(Project(id baroque_chess-build, base: E:\DEV\__REPOSITORY__\baroque_chess\project, plugins: List(<none>))) took 53.1023ms
[debug] [Loading] Done in E:\DEV\__REPOSITORY__\baroque_chess\project, returning: (baroque_chess-build)
[debug]           Load.loadUnit: loadedProjectsRaw took 70.6492ms
[debug]           Load.loadUnit: cleanEvalClasses took 0.152301ms
[debug]         Load.loadUnit(file:/E:/DEV/__REPOSITORY__/baroque_chess/project/, ...) took 137.373199ms
[debug]       Load.apply: load took 308.363799ms
[debug]       Load.apply: resolveProjects took 4.5989ms
[debug]       Load.apply: finalTransforms took 48.027999ms
[debug]       Load.apply: config.delegates took 9.578599ms
[debug]       Load.apply: Def.make(settings)... took 589.019601ms
[debug]       Load.apply: structureIndex took 150.0563ms
[debug]       Load.apply: mkStreams took 5.8964ms
[info] loading project definition from E:\DEV\__REPOSITORY__\baroque_chess\project
[debug] Running task... Cancel: Signal, check cycles: false, forcegc: true
[debug]     Load.loadUnit: plugins took 2137.9091ms
[debug]     Load.loadUnit: defsScala took 0.0035ms
[debug] [Loading] Scanning directory E:\DEV\__REPOSITORY__\baroque_chess
[debug]       Load.loadUnit: mkEval took 3.4728ms
[debug] [Loading] Found non-root projects 
[debug] [Loading] Done in E:\DEV\__REPOSITORY__\baroque_chess, returning: ()
[debug] deducing auto plugins based on known facts Set(Atom(sbt.plugins.CorePlugin)) and clauses Clauses(Clause(Atom(sbt.plugins.JvmPlugin),Set(Atom(sbt.plugins.IvyPlugin)))
[debug] Clause(Atom(sbt.ScriptedPlugin),Set(Atom(sbt.plugins.JvmPlugin)))
[debug] Clause(Atom(sbt.plugins.SbtPlugin),Set(Atom(sbt.ScriptedPlugin)))
[debug] Clause(Atom(sbt.plugins.SemanticdbPlugin),Set(Atom(sbt.plugins.JvmPlugin)))
[debug] Clause(Atom(sbt.plugins.JUnitXmlReportPlugin),Set(Atom(sbt.plugins.JvmPlugin)))
[debug] Clause(Atom(sbt.plugins.MiniDependencyTreePlugin),Set(Atom(sbt.plugins.JvmPlugin)))
[debug] Clause(Atom(sbt.plugins.CorePlugin),Set(Atom(sbt.plugins.IvyPlugin)))
[debug] Clause(Atom(sbt.plugins.IvyPlugin),Set(Atom(sbt.plugins.JvmPlugin)))
[debug] Clause(Atom(sbt.plugins.JvmPlugin),Set(Atom(sbt.plugins.SemanticdbPlugin)))
[debug] Clause(Atom(sbt.plugins.JvmPlugin),Set(Atom(sbt.plugins.JUnitXmlReportPlugin)))
[debug] Clause(Atom(sbt.plugins.CorePlugin),Set(Atom(sbt.plugins.Giter8TemplatePlugin)))
[debug] Clause(Atom(sbt.plugins.JvmPlugin),Set(Atom(sbt.plugins.MiniDependencyTreePlugin))))
[debug]   :: deduced result: Matched(sbt.plugins.CorePlugin,sbt.plugins.Giter8TemplatePlugin,sbt.plugins.IvyPlugin,sbt.plugins.JvmPlugin,sbt.plugins.MiniDependencyTreePlugin,sbt.plugins.JUnitXmlReportPlugin,sbt.plugins.SemanticdbPlugin)
[debug] Plugins.deducer#function took 1.584 ms
[info] loading settings for project baroque_chess from build.sbt ...
[debug]         Load.resolveProject(baroque_chess) took 2.2094ms
[debug]       Load.loadTransitive: finalizeProject(Project(id baroque_chess, base: E:\DEV\__REPOSITORY__\baroque_chess, plugins: List(<none>))) took 4.285701ms
[debug] [Loading] Done in E:\DEV\__REPOSITORY__\baroque_chess, returning: (baroque_chess)
[debug]     Load.loadUnit: loadedProjectsRaw took 181.836201ms
[debug]     Load.loadUnit: cleanEvalClasses took 8.2443ms
[debug]   Load.loadUnit(file:/E:/DEV/__REPOSITORY__/baroque_chess/, ...) took 2329.101899ms
[debug] Load.apply: load took 2341.3522ms
[debug] Load.apply: resolveProjects took 0.1601ms
[debug] Load.apply: finalTransforms took 6.708401ms
[debug] Load.apply: config.delegates took 0.4668ms
[debug] Load.apply: Def.make(settings)... took 67.785401ms
[debug] Load.apply: structureIndex took 29.5042ms
[debug] Load.apply: mkStreams took 0.002ms
[info] set current project to baroque_chess (in build file:/E:/DEV/__REPOSITORY__/baroque_chess/)
[debug] > Exec(sbtPopOnFailure, None, None)
[debug] > Exec(resumeFromFailure, None, None)
[debug] > Exec(notifyUsersAboutShell, None, None)
[debug] > Exec(iflast shell, None, None)
[debug] > Exec(shell, None, None)
[info] sbt server started at local:sbt-server-6d4f8d95b93d765c7dd0
[debug] Writing bsp connection file
[info] started sbt server
